<?xml version="1.0" encoding="UTF-8"?>
<!-- Generated by org.testng.reporters.JUnitReportReporter -->
<testsuite hostname="DESKTOP-9EEUG5A" failures="0" tests="1" name="TestNG.Login" time="14.634" errors="0" timestamp="2022-10-07T11:43:00 IST" skipped="0">
  <testcase classname="TestNG.Login" name="f" time="14.634"/>
  <system-out/>
</testsuite> <!-- TestNG.Login -->
